{"name": "выход из аккаунта", "status": "broken", "statusDetails": {"message": "selenium.common.exceptions.ElementClickInterceptedException: Message: element click intercepted: Element <a class=\"AppHeader_header__link__3D_hX\" href=\"/account\">...</a> is not clickable at point (1151, 44). Other element would receive the click: <div class=\"Modal_modal_overlay__x2ZCr\"></div>\n  (Session info: chrome=126.0.6478.127)\nStacktrace:\n\tGetHandleVerifier [0x0057C1C3+27395]\n\t(No symbol) [0x00513DC4]\n\t(No symbol) [0x00411B7F]\n\t(No symbol) [0x00458C22]\n\t(No symbol) [0x00456FA8]\n\t(No symbol) [0x00454E2B]\n\t(No symbol) [0x004543D7]\n\t(No symbol) [0x0044918F]\n\t(No symbol) [0x0047399C]\n\t(No symbol) [0x00448C15]\n\t(No symbol) [0x00473C34]\n\t(No symbol) [0x0048CB24]\n\t(No symbol) [0x00473736]\n\t(No symbol) [0x00447541]\n\t(No symbol) [0x004480BD]\n\tGetHandleVerifier [0x00833A93+2876371]\n\tGetHandleVerifier [0x00887F5D+3221661]\n\tGetHandleVerifier [0x005FD634+556916]\n\tGetHandleVerifier [0x0060474C+585868]\n\t(No symbol) [0x0051CE04]\n\t(No symbol) [0x00519818]\n\t(No symbol) [0x005199B7]\n\t(No symbol) [0x0050BF0E]\n\tBaseThreadInitThunk [0x77B5FA29+25]\n\tRtlGetAppContainerNamedObjectPath [0x77CA75F4+228]\n\tRtlGetAppContainerNamedObjectPath [0x77CA75C4+180]", "trace": "self = <test_personal_account_page.TestPersonalAccountPage object at 0x0000027D3A179D00>\nweb_driver = <selenium.webdriver.chrome.webdriver.WebDriver (session=\"c3487352bee9cec72dd8c5c4ab3ddf27\")>\n\n    @allure.title('выход из аккаунта')\n    def test_exit_button(self, web_driver):\n        data = registration_user()\n        email = data[1]\n        password = data[2]\n        access_token = data[0]\n        personal_account = PersonalAccount(web_driver)\n        personal_account.click_enter_account_button()\n        personal_account.enter_email_fild(email)\n        personal_account.enter_password_fild(password)\n        personal_account.click_login_button()\n>       personal_account.click_personal_account_button()\n\ntests\\test_personal_account_page.py:52: \n_ _ _ _ _ _ _ _ _ _ _ _ _ _ _ _ _ _ _ _ _ _ _ _ _ _ _ _ _ _ _ _ _ _ _ _ _ _ _ _ _ _ _ _ _ _ _ _ _ _ _ _ _ _ _ _ _ _ _ _ _ _ _ _ _ _ _ _ _ _ _ _ _ _\npages\\personal_account_page.py:17: in click_personal_account_button\n    self.wait_and_click_element(BasePageLocators.personal_account_button)\npages\\base_page.py:18: in wait_and_click_element\n    return WebDriverWait(self.web_driver, timeout).until(EC.element_to_be_clickable(locator)).click()\n.venv\\Lib\\site-packages\\selenium\\webdriver\\remote\\webelement.py:94: in click\n    self._execute(Command.CLICK_ELEMENT)\n.venv\\Lib\\site-packages\\selenium\\webdriver\\remote\\webelement.py:395: in _execute\n    return self._parent.execute(command, params)\n.venv\\Lib\\site-packages\\selenium\\webdriver\\remote\\webdriver.py:354: in execute\n    self.error_handler.check_response(response)\n_ _ _ _ _ _ _ _ _ _ _ _ _ _ _ _ _ _ _ _ _ _ _ _ _ _ _ _ _ _ _ _ _ _ _ _ _ _ _ _ _ _ _ _ _ _ _ _ _ _ _ _ _ _ _ _ _ _ _ _ _ _ _ _ _ _ _ _ _ _ _ _ _ _\n\nself = <selenium.webdriver.remote.errorhandler.ErrorHandler object at 0x0000027D3A0EF2C0>\nresponse = {'status': 400, 'value': '{\"value\":{\"error\":\"element click intercepted\",\"message\":\"element click intercepted: Element ...\\n\\\\tRtlGetAppContainerNamedObjectPath [0x77CA75F4+228]\\\\n\\\\tRtlGetAppContainerNamedObjectPath [0x77CA75C4+180]\\\\n\"}}'}\n\n    def check_response(self, response: Dict[str, Any]) -> None:\n        \"\"\"Checks that a JSON response from the WebDriver does not have an\n        error.\n    \n        :Args:\n         - response - The JSON response from the WebDriver server as a dictionary\n           object.\n    \n        :Raises: If the response contains an error message.\n        \"\"\"\n        status = response.get(\"status\", None)\n        if not status or status == ErrorCode.SUCCESS:\n            return\n        value = None\n        message = response.get(\"message\", \"\")\n        screen: str = response.get(\"screen\", \"\")\n        stacktrace = None\n        if isinstance(status, int):\n            value_json = response.get(\"value\", None)\n            if value_json and isinstance(value_json, str):\n                import json\n    \n                try:\n                    value = json.loads(value_json)\n                    if len(value) == 1:\n                        value = value[\"value\"]\n                    status = value.get(\"error\", None)\n                    if not status:\n                        status = value.get(\"status\", ErrorCode.UNKNOWN_ERROR)\n                        message = value.get(\"value\") or value.get(\"message\")\n                        if not isinstance(message, str):\n                            value = message\n                            message = message.get(\"message\")\n                    else:\n                        message = value.get(\"message\", None)\n                except ValueError:\n                    pass\n    \n        exception_class: Type[WebDriverException]\n        e = ErrorCode()\n        error_codes = [item for item in dir(e) if not item.startswith(\"__\")]\n        for error_code in error_codes:\n            error_info = getattr(ErrorCode, error_code)\n            if isinstance(error_info, list) and status in error_info:\n                exception_class = getattr(ExceptionMapping, error_code, WebDriverException)\n                break\n        else:\n            exception_class = WebDriverException\n    \n        if not value:\n            value = response[\"value\"]\n        if isinstance(value, str):\n            raise exception_class(value)\n        if message == \"\" and \"message\" in value:\n            message = value[\"message\"]\n    \n        screen = None  # type: ignore[assignment]\n        if \"screen\" in value:\n            screen = value[\"screen\"]\n    \n        stacktrace = None\n        st_value = value.get(\"stackTrace\") or value.get(\"stacktrace\")\n        if st_value:\n            if isinstance(st_value, str):\n                stacktrace = st_value.split(\"\\n\")\n            else:\n                stacktrace = []\n                try:\n                    for frame in st_value:\n                        line = frame.get(\"lineNumber\", \"\")\n                        file = frame.get(\"fileName\", \"<anonymous>\")\n                        if line:\n                            file = f\"{file}:{line}\"\n                        meth = frame.get(\"methodName\", \"<anonymous>\")\n                        if \"className\" in frame:\n                            meth = f\"{frame['className']}.{meth}\"\n                        msg = \"    at %s (%s)\"\n                        msg = msg % (meth, file)\n                        stacktrace.append(msg)\n                except TypeError:\n                    pass\n        if exception_class == UnexpectedAlertPresentException:\n            alert_text = None\n            if \"data\" in value:\n                alert_text = value[\"data\"].get(\"text\")\n            elif \"alert\" in value:\n                alert_text = value[\"alert\"].get(\"text\")\n            raise exception_class(message, screen, stacktrace, alert_text)  # type: ignore[call-arg]  # mypy is not smart enough here\n>       raise exception_class(message, screen, stacktrace)\nE       selenium.common.exceptions.ElementClickInterceptedException: Message: element click intercepted: Element <a class=\"AppHeader_header__link__3D_hX\" href=\"/account\">...</a> is not clickable at point (1151, 44). Other element would receive the click: <div class=\"Modal_modal_overlay__x2ZCr\"></div>\nE         (Session info: chrome=126.0.6478.127)\nE       Stacktrace:\nE       \tGetHandleVerifier [0x0057C1C3+27395]\nE       \t(No symbol) [0x00513DC4]\nE       \t(No symbol) [0x00411B7F]\nE       \t(No symbol) [0x00458C22]\nE       \t(No symbol) [0x00456FA8]\nE       \t(No symbol) [0x00454E2B]\nE       \t(No symbol) [0x004543D7]\nE       \t(No symbol) [0x0044918F]\nE       \t(No symbol) [0x0047399C]\nE       \t(No symbol) [0x00448C15]\nE       \t(No symbol) [0x00473C34]\nE       \t(No symbol) [0x0048CB24]\nE       \t(No symbol) [0x00473736]\nE       \t(No symbol) [0x00447541]\nE       \t(No symbol) [0x004480BD]\nE       \tGetHandleVerifier [0x00833A93+2876371]\nE       \tGetHandleVerifier [0x00887F5D+3221661]\nE       \tGetHandleVerifier [0x005FD634+556916]\nE       \tGetHandleVerifier [0x0060474C+585868]\nE       \t(No symbol) [0x0051CE04]\nE       \t(No symbol) [0x00519818]\nE       \t(No symbol) [0x005199B7]\nE       \t(No symbol) [0x0050BF0E]\nE       \tBaseThreadInitThunk [0x77B5FA29+25]\nE       \tRtlGetAppContainerNamedObjectPath [0x77CA75F4+228]\nE       \tRtlGetAppContainerNamedObjectPath [0x77CA75C4+180]\n\n.venv\\Lib\\site-packages\\selenium\\webdriver\\remote\\errorhandler.py:229: ElementClickInterceptedException"}, "steps": [{"name": "регистрация пользователя", "status": "passed", "steps": [{"name": "Генерируем случайное имя, почту, пароль", "status": "passed", "start": 1719938633577, "stop": 1719938634543}], "start": 1719938633576, "stop": 1719938634868}, {"name": "клик по кнопке войти в аккаунт", "status": "passed", "steps": [{"name": "ожидание появления и клик по элементу", "status": "passed", "parameters": [{"name": "locator", "value": "('xpath', \"*//button[text()='Войти в аккаунт']\")"}, {"name": "timeout", "value": "30"}], "start": 1719938634869, "stop": 1719938635437}], "start": 1719938634868, "stop": 1719938635437}, {"name": "ввод данных в поле email", "status": "passed", "steps": [{"name": "ввод текста", "status": "passed", "parameters": [{"name": "locator", "value": "('xpath', \"*//input[@name = 'name']\")"}, {"name": "text", "value": "'charles15@example.net'"}], "start": 1719938635438, "stop": 1719938636073}], "parameters": [{"name": "email", "value": "'charles15@example.net'"}], "start": 1719938635438, "stop": 1719938636073}, {"name": "ввод данных в поле password", "status": "passed", "steps": [{"name": "ввод текста", "status": "passed", "parameters": [{"name": "locator", "value": "('xpath', \"*//input[@name='Пароль']\")"}, {"name": "text", "value": "'*7HDffbk^)'"}], "start": 1719938636075, "stop": 1719938636452}], "parameters": [{"name": "password", "value": "'*7HDffbk^)'"}], "start": 1719938636074, "stop": 1719938636452}, {"name": "клик по кнопке войти", "status": "passed", "steps": [{"name": "ожидание появления и клик по элементу", "status": "passed", "parameters": [{"name": "locator", "value": "('xpath', \"*//button[text()='Войти']\")"}, {"name": "timeout", "value": "30"}], "start": 1719938636453, "stop": 1719938636740}], "start": 1719938636452, "stop": 1719938636741}, {"name": "клик по кнопке личный кабинет", "status": "broken", "statusDetails": {"message": "selenium.common.exceptions.ElementClickInterceptedException: Message: element click intercepted: Element <a class=\"AppHeader_header__link__3D_hX\" href=\"/account\">...</a> is not clickable at point (1151, 44). Other element would receive the click: <div class=\"Modal_modal_overlay__x2ZCr\"></div>\n  (Session info: chrome=126.0.6478.127)\nStacktrace:\n\tGetHandleVerifier [0x0057C1C3+27395]\n\t(No symbol) [0x00513DC4]\n\t(No symbol) [0x00411B7F]\n\t(No symbol) [0x00458C22]\n\t(No symbol) [0x00456FA8]\n\t(No symbol) [0x00454E2B]\n\t(No symbol) [0x004543D7]\n\t(No symbol) [0x0044918F]\n\t(No symbol) [0x0047399C]\n\t(No symbol) [0x00448C15]\n\t(No symbol) [0x00473C34]\n\t(No symbol) [0x0048CB24]\n\t(No symbol) [0x00473736]\n\t(No symbol) [0x00447541]\n\t(No symbol) [0x004480BD]\n\tGetHandleVerifier [0x00833A93+2876371]\n\tGetHandleVerifier [0x00887F5D+3221661]\n\tGetHandleVerifier [0x005FD634+556916]\n\tGetHandleVerifier [0x0060474C+585868]\n\t(No symbol) [0x0051CE04]\n\t(No symbol) [0x00519818]\n\t(No symbol) [0x005199B7]\n\t(No symbol) [0x0050BF0E]\n\tBaseThreadInitThunk [0x77B5FA29+25]\n\tRtlGetAppContainerNamedObjectPath [0x77CA75F4+228]\n\tRtlGetAppContainerNamedObjectPath [0x77CA75C4+180]\n\n", "trace": "  File \"C:\\Users\\Acer\\PycharmProjects\\Diplom\\Diplom_3\\.venv\\Lib\\site-packages\\allure_commons\\_allure.py\", line 192, in impl\n    return func(*a, **kw)\n           ^^^^^^^^^^^^^^\n  File \"C:\\Users\\Acer\\PycharmProjects\\Diplom\\Diplom_3\\pages\\personal_account_page.py\", line 17, in click_personal_account_button\n    self.wait_and_click_element(BasePageLocators.personal_account_button)\n  File \"C:\\Users\\Acer\\PycharmProjects\\Diplom\\Diplom_3\\.venv\\Lib\\site-packages\\allure_commons\\_allure.py\", line 192, in impl\n    return func(*a, **kw)\n           ^^^^^^^^^^^^^^\n  File \"C:\\Users\\Acer\\PycharmProjects\\Diplom\\Diplom_3\\pages\\base_page.py\", line 18, in wait_and_click_element\n    return WebDriverWait(self.web_driver, timeout).until(EC.element_to_be_clickable(locator)).click()\n           ^^^^^^^^^^^^^^^^^^^^^^^^^^^^^^^^^^^^^^^^^^^^^^^^^^^^^^^^^^^^^^^^^^^^^^^^^^^^^^^^^^^^^^^^^^\n  File \"C:\\Users\\Acer\\PycharmProjects\\Diplom\\Diplom_3\\.venv\\Lib\\site-packages\\selenium\\webdriver\\remote\\webelement.py\", line 94, in click\n    self._execute(Command.CLICK_ELEMENT)\n  File \"C:\\Users\\Acer\\PycharmProjects\\Diplom\\Diplom_3\\.venv\\Lib\\site-packages\\selenium\\webdriver\\remote\\webelement.py\", line 395, in _execute\n    return self._parent.execute(command, params)\n           ^^^^^^^^^^^^^^^^^^^^^^^^^^^^^^^^^^^^^\n  File \"C:\\Users\\Acer\\PycharmProjects\\Diplom\\Diplom_3\\.venv\\Lib\\site-packages\\selenium\\webdriver\\remote\\webdriver.py\", line 354, in execute\n    self.error_handler.check_response(response)\n  File \"C:\\Users\\Acer\\PycharmProjects\\Diplom\\Diplom_3\\.venv\\Lib\\site-packages\\selenium\\webdriver\\remote\\errorhandler.py\", line 229, in check_response\n    raise exception_class(message, screen, stacktrace)\n"}, "steps": [{"name": "ожидание появления и клик по элементу", "status": "broken", "statusDetails": {"message": "selenium.common.exceptions.ElementClickInterceptedException: Message: element click intercepted: Element <a class=\"AppHeader_header__link__3D_hX\" href=\"/account\">...</a> is not clickable at point (1151, 44). Other element would receive the click: <div class=\"Modal_modal_overlay__x2ZCr\"></div>\n  (Session info: chrome=126.0.6478.127)\nStacktrace:\n\tGetHandleVerifier [0x0057C1C3+27395]\n\t(No symbol) [0x00513DC4]\n\t(No symbol) [0x00411B7F]\n\t(No symbol) [0x00458C22]\n\t(No symbol) [0x00456FA8]\n\t(No symbol) [0x00454E2B]\n\t(No symbol) [0x004543D7]\n\t(No symbol) [0x0044918F]\n\t(No symbol) [0x0047399C]\n\t(No symbol) [0x00448C15]\n\t(No symbol) [0x00473C34]\n\t(No symbol) [0x0048CB24]\n\t(No symbol) [0x00473736]\n\t(No symbol) [0x00447541]\n\t(No symbol) [0x004480BD]\n\tGetHandleVerifier [0x00833A93+2876371]\n\tGetHandleVerifier [0x00887F5D+3221661]\n\tGetHandleVerifier [0x005FD634+556916]\n\tGetHandleVerifier [0x0060474C+585868]\n\t(No symbol) [0x0051CE04]\n\t(No symbol) [0x00519818]\n\t(No symbol) [0x005199B7]\n\t(No symbol) [0x0050BF0E]\n\tBaseThreadInitThunk [0x77B5FA29+25]\n\tRtlGetAppContainerNamedObjectPath [0x77CA75F4+228]\n\tRtlGetAppContainerNamedObjectPath [0x77CA75C4+180]\n\n", "trace": "  File \"C:\\Users\\Acer\\PycharmProjects\\Diplom\\Diplom_3\\.venv\\Lib\\site-packages\\allure_commons\\_allure.py\", line 192, in impl\n    return func(*a, **kw)\n           ^^^^^^^^^^^^^^\n  File \"C:\\Users\\Acer\\PycharmProjects\\Diplom\\Diplom_3\\pages\\base_page.py\", line 18, in wait_and_click_element\n    return WebDriverWait(self.web_driver, timeout).until(EC.element_to_be_clickable(locator)).click()\n           ^^^^^^^^^^^^^^^^^^^^^^^^^^^^^^^^^^^^^^^^^^^^^^^^^^^^^^^^^^^^^^^^^^^^^^^^^^^^^^^^^^^^^^^^^^\n  File \"C:\\Users\\Acer\\PycharmProjects\\Diplom\\Diplom_3\\.venv\\Lib\\site-packages\\selenium\\webdriver\\remote\\webelement.py\", line 94, in click\n    self._execute(Command.CLICK_ELEMENT)\n  File \"C:\\Users\\Acer\\PycharmProjects\\Diplom\\Diplom_3\\.venv\\Lib\\site-packages\\selenium\\webdriver\\remote\\webelement.py\", line 395, in _execute\n    return self._parent.execute(command, params)\n           ^^^^^^^^^^^^^^^^^^^^^^^^^^^^^^^^^^^^^\n  File \"C:\\Users\\Acer\\PycharmProjects\\Diplom\\Diplom_3\\.venv\\Lib\\site-packages\\selenium\\webdriver\\remote\\webdriver.py\", line 354, in execute\n    self.error_handler.check_response(response)\n  File \"C:\\Users\\Acer\\PycharmProjects\\Diplom\\Diplom_3\\.venv\\Lib\\site-packages\\selenium\\webdriver\\remote\\errorhandler.py\", line 229, in check_response\n    raise exception_class(message, screen, stacktrace)\n"}, "parameters": [{"name": "locator", "value": "('xpath', \"*//a[@href='/account']\")"}, {"name": "timeout", "value": "30"}], "start": 1719938636741, "stop": 1719938638092}], "start": 1719938636741, "stop": 1719938638096}], "parameters": [{"name": "web_driver", "value": "'chrome'"}], "start": 1719938633575, "stop": 1719938638102, "uuid": "457ec325-4656-4c49-8e22-e99a7790c664", "historyId": "016279ef0abfc40b5150bc30f44c86cf", "testCaseId": "eebe465e03951ef9c0bd4bff577a8230", "fullName": "tests.test_personal_account_page.TestPersonalAccountPage#test_exit_button", "labels": [{"name": "parentSuite", "value": "tests"}, {"name": "suite", "value": "test_personal_account_page"}, {"name": "subSuite", "value": "TestPersonalAccountPage"}, {"name": "host", "value": "DESKTOP-JU47483"}, {"name": "thread", "value": "15936-MainThread"}, {"name": "framework", "value": "pytest"}, {"name": "language", "value": "cpython3"}, {"name": "package", "value": "tests.test_personal_account_page"}]}