{"name": "после оформления заказа его номер появляется в разделе В работе", "status": "broken", "statusDetails": {"message": "selenium.common.exceptions.MoveTargetOutOfBoundsException: Message: Move target (154, 648) is out of bounds of viewport dimensions (1268, 628)\nStacktrace:\nRemoteError@chrome://remote/content/shared/RemoteError.sys.mjs:8:8\nWebDriverError@chrome://remote/content/shared/webdriver/Errors.sys.mjs:193:5\nMoveTargetOutOfBoundsError@chrome://remote/content/shared/webdriver/Errors.sys.mjs:479:5\nassertInViewPort@chrome://remote/content/shared/webdriver/Actions.sys.mjs:2363:11\ndispatch@chrome://remote/content/shared/webdriver/Actions.sys.mjs:1144:21\ndispatch/pendingEvents<@chrome://remote/content/shared/webdriver/Actions.sys.mjs:2019:14\ndispatch@chrome://remote/content/shared/webdriver/Actions.sys.mjs:2018:39\ndispatch/chainEvents<@chrome://remote/content/shared/webdriver/Actions.sys.mjs:1929:27\ndispatch@chrome://remote/content/shared/webdriver/Actions.sys.mjs:1931:7\nperformActions@chrome://remote/content/marionette/actors/MarionetteCommandsChild.sys.mjs:493:23\nreceiveMessage@chrome://remote/content/marionette/actors/MarionetteCommandsChild.sys.mjs:144:31", "trace": "self = <test_home_page.TestHomePage object at 0x000002036A85C5F0>\nweb_driver = <selenium.webdriver.firefox.webdriver.WebDriver (session=\"411f7ffa-5846-4c84-8d54-070b35ec84b1\")>\n\n    @allure.title(\"после оформления заказа его номер появляется в разделе В работе\")\n    def test_order_in_order_feed(self, web_driver):\n        data = registration_user()\n        email = data[1]\n        password = data[2]\n        access_token = data[0]\n        home_page = HomePage(web_driver)\n        home_page.click_enter_account_button()\n        home_page.enter_email_fild(email)\n        home_page.enter_password_fild(password)\n        home_page.click_login_button()\n        home_page.drag_buns_in_order()\n>       home_page.drag_sauces_in_order()\n\ntests\\test_home_page.py:107: \n_ _ _ _ _ _ _ _ _ _ _ _ _ _ _ _ _ _ _ _ _ _ _ _ _ _ _ _ _ _ _ _ _ _ _ _ _ _ _ _ _ _ _ _ _ _ _ _ _ _ _ _ _ _ _ _ _ _ _ _ _ _ _ _ _ _ _ _ _ _ _ _ _ _\npages\\home_page.py:78: in drag_sauces_in_order\n    self.drag_and_drop_element(HomePageLocators.sauces_spicy, HomePageLocators.place_of_relocation)\npages\\base_page.py:51: in drag_and_drop_element\n    actions.drag_and_drop(source_element, target_element).perform()\n.venv\\Lib\\site-packages\\selenium\\webdriver\\common\\action_chains.py:94: in perform\n    self.w3c_actions.perform()\n.venv\\Lib\\site-packages\\selenium\\webdriver\\common\\actions\\action_builder.py:96: in perform\n    self.driver.execute(Command.W3C_ACTIONS, enc)\n.venv\\Lib\\site-packages\\selenium\\webdriver\\remote\\webdriver.py:354: in execute\n    self.error_handler.check_response(response)\n_ _ _ _ _ _ _ _ _ _ _ _ _ _ _ _ _ _ _ _ _ _ _ _ _ _ _ _ _ _ _ _ _ _ _ _ _ _ _ _ _ _ _ _ _ _ _ _ _ _ _ _ _ _ _ _ _ _ _ _ _ _ _ _ _ _ _ _ _ _ _ _ _ _\n\nself = <selenium.webdriver.remote.errorhandler.ErrorHandler object at 0x000002036A85FEC0>\nresponse = {'status': 500, 'value': '{\"value\":{\"error\":\"move target out of bounds\",\"message\":\"Move target (154, 648) is out of bo...ys.mjs:493:23\\\\nreceiveMessage@chrome://remote/content/marionette/actors/MarionetteCommandsChild.sys.mjs:144:31\\\\n\"}}'}\n\n    def check_response(self, response: Dict[str, Any]) -> None:\n        \"\"\"Checks that a JSON response from the WebDriver does not have an\n        error.\n    \n        :Args:\n         - response - The JSON response from the WebDriver server as a dictionary\n           object.\n    \n        :Raises: If the response contains an error message.\n        \"\"\"\n        status = response.get(\"status\", None)\n        if not status or status == ErrorCode.SUCCESS:\n            return\n        value = None\n        message = response.get(\"message\", \"\")\n        screen: str = response.get(\"screen\", \"\")\n        stacktrace = None\n        if isinstance(status, int):\n            value_json = response.get(\"value\", None)\n            if value_json and isinstance(value_json, str):\n                import json\n    \n                try:\n                    value = json.loads(value_json)\n                    if len(value) == 1:\n                        value = value[\"value\"]\n                    status = value.get(\"error\", None)\n                    if not status:\n                        status = value.get(\"status\", ErrorCode.UNKNOWN_ERROR)\n                        message = value.get(\"value\") or value.get(\"message\")\n                        if not isinstance(message, str):\n                            value = message\n                            message = message.get(\"message\")\n                    else:\n                        message = value.get(\"message\", None)\n                except ValueError:\n                    pass\n    \n        exception_class: Type[WebDriverException]\n        e = ErrorCode()\n        error_codes = [item for item in dir(e) if not item.startswith(\"__\")]\n        for error_code in error_codes:\n            error_info = getattr(ErrorCode, error_code)\n            if isinstance(error_info, list) and status in error_info:\n                exception_class = getattr(ExceptionMapping, error_code, WebDriverException)\n                break\n        else:\n            exception_class = WebDriverException\n    \n        if not value:\n            value = response[\"value\"]\n        if isinstance(value, str):\n            raise exception_class(value)\n        if message == \"\" and \"message\" in value:\n            message = value[\"message\"]\n    \n        screen = None  # type: ignore[assignment]\n        if \"screen\" in value:\n            screen = value[\"screen\"]\n    \n        stacktrace = None\n        st_value = value.get(\"stackTrace\") or value.get(\"stacktrace\")\n        if st_value:\n            if isinstance(st_value, str):\n                stacktrace = st_value.split(\"\\n\")\n            else:\n                stacktrace = []\n                try:\n                    for frame in st_value:\n                        line = frame.get(\"lineNumber\", \"\")\n                        file = frame.get(\"fileName\", \"<anonymous>\")\n                        if line:\n                            file = f\"{file}:{line}\"\n                        meth = frame.get(\"methodName\", \"<anonymous>\")\n                        if \"className\" in frame:\n                            meth = f\"{frame['className']}.{meth}\"\n                        msg = \"    at %s (%s)\"\n                        msg = msg % (meth, file)\n                        stacktrace.append(msg)\n                except TypeError:\n                    pass\n        if exception_class == UnexpectedAlertPresentException:\n            alert_text = None\n            if \"data\" in value:\n                alert_text = value[\"data\"].get(\"text\")\n            elif \"alert\" in value:\n                alert_text = value[\"alert\"].get(\"text\")\n            raise exception_class(message, screen, stacktrace, alert_text)  # type: ignore[call-arg]  # mypy is not smart enough here\n>       raise exception_class(message, screen, stacktrace)\nE       selenium.common.exceptions.MoveTargetOutOfBoundsException: Message: Move target (154, 648) is out of bounds of viewport dimensions (1268, 628)\nE       Stacktrace:\nE       RemoteError@chrome://remote/content/shared/RemoteError.sys.mjs:8:8\nE       WebDriverError@chrome://remote/content/shared/webdriver/Errors.sys.mjs:193:5\nE       MoveTargetOutOfBoundsError@chrome://remote/content/shared/webdriver/Errors.sys.mjs:479:5\nE       assertInViewPort@chrome://remote/content/shared/webdriver/Actions.sys.mjs:2363:11\nE       dispatch@chrome://remote/content/shared/webdriver/Actions.sys.mjs:1144:21\nE       dispatch/pendingEvents<@chrome://remote/content/shared/webdriver/Actions.sys.mjs:2019:14\nE       dispatch@chrome://remote/content/shared/webdriver/Actions.sys.mjs:2018:39\nE       dispatch/chainEvents<@chrome://remote/content/shared/webdriver/Actions.sys.mjs:1929:27\nE       dispatch@chrome://remote/content/shared/webdriver/Actions.sys.mjs:1931:7\nE       performActions@chrome://remote/content/marionette/actors/MarionetteCommandsChild.sys.mjs:493:23\nE       receiveMessage@chrome://remote/content/marionette/actors/MarionetteCommandsChild.sys.mjs:144:31\n\n.venv\\Lib\\site-packages\\selenium\\webdriver\\remote\\errorhandler.py:229: MoveTargetOutOfBoundsException"}, "steps": [{"name": "регистрация пользователя", "status": "passed", "steps": [{"name": "Генерируем случайное имя, почту, пароль", "status": "passed", "start": 1719937179470, "stop": 1719937180446}], "start": 1719937179470, "stop": 1719937180793}, {"name": "клик по кнопке войти в аккаунт", "status": "passed", "steps": [{"name": "ожидание появления и клик по элементу", "status": "passed", "parameters": [{"name": "locator", "value": "('xpath', \"*//button[text()='Войти в аккаунт']\")"}, {"name": "timeout", "value": "30"}], "start": 1719937180793, "stop": 1719937181321}], "start": 1719937180793, "stop": 1719937181321}, {"name": "ввод данных в поле email", "status": "passed", "steps": [{"name": "ввод текста", "status": "passed", "parameters": [{"name": "locator", "value": "('xpath', \"*//input[@name = 'name']\")"}, {"name": "text", "value": "'ehughes@example.net'"}], "start": 1719937181321, "stop": 1719937181459}], "parameters": [{"name": "email", "value": "'ehughes@example.net'"}], "start": 1719937181321, "stop": 1719937181459}, {"name": "ввод данных в поле password", "status": "passed", "steps": [{"name": "ввод текста", "status": "passed", "parameters": [{"name": "locator", "value": "('xpath', \"*//input[@name='Пароль']\")"}, {"name": "text", "value": "'X)8ODFUd&e'"}], "start": 1719937181459, "stop": 1719937181559}], "parameters": [{"name": "password", "value": "'X)8ODFUd&e'"}], "start": 1719937181459, "stop": 1719937181559}, {"name": "клик по кнопке войти", "status": "passed", "steps": [{"name": "ожидание появления и клик по элементу", "status": "passed", "parameters": [{"name": "locator", "value": "('xpath', \"*//button[text()='Войти']\")"}, {"name": "timeout", "value": "30"}], "start": 1719937181559, "stop": 1719937181860}], "start": 1719937181559, "stop": 1719937181860}, {"name": "добавляем ингредиент Флюоресцентная булка R2-D3 в заказ", "status": "passed", "steps": [{"name": "перетаскивание элемента на заданное место", "status": "passed", "parameters": [{"name": "source_locator", "value": "('xpath', \"*//a[@href='/ingredient/61c0c5a71d1f82001bdaaa6d']\")"}, {"name": "target_locator", "value": "('xpath', \"*//div[@class='constructor-element constructor-element_pos_top']\")"}], "start": 1719937181860, "stop": 1719937182477}], "start": 1719937181860, "stop": 1719937182477}, {"name": "добавляем ингредиент Соус Spicy-X в заказ", "status": "broken", "statusDetails": {"message": "selenium.common.exceptions.MoveTargetOutOfBoundsException: Message: Move target (154, 648) is out of bounds of viewport dimensions (1268, 628)\nStacktrace:\nRemoteError@chrome://remote/content/shared/RemoteError.sys.mjs:8:8\nWebDriverError@chrome://remote/content/shared/webdriver/Errors.sys.mjs:193:5\nMoveTargetOutOfBoundsError@chrome://remote/content/shared/webdriver/Errors.sys.mjs:479:5\nassertInViewPort@chrome://remote/content/shared/webdriver/Actions.sys.mjs:2363:11\ndispatch@chrome://remote/content/shared/webdriver/Actions.sys.mjs:1144:21\ndispatch/pendingEvents<@chrome://remote/content/shared/webdriver/Actions.sys.mjs:2019:14\ndispatch@chrome://remote/content/shared/webdriver/Actions.sys.mjs:2018:39\ndispatch/chainEvents<@chrome://remote/content/shared/webdriver/Actions.sys.mjs:1929:27\ndispatch@chrome://remote/content/shared/webdriver/Actions.sys.mjs:1931:7\nperformActions@chrome://remote/content/marionette/actors/MarionetteCommandsChild.sys.mjs:493:23\nreceiveMessage@chrome://remote/content/marionette/actors/MarionetteCommandsChild.sys.mjs:144:31\n\n", "trace": "  File \"C:\\Users\\Acer\\PycharmProjects\\Diplom\\Diplom_3\\.venv\\Lib\\site-packages\\allure_commons\\_allure.py\", line 192, in impl\n    return func(*a, **kw)\n           ^^^^^^^^^^^^^^\n  File \"C:\\Users\\Acer\\PycharmProjects\\Diplom\\Diplom_3\\pages\\home_page.py\", line 78, in drag_sauces_in_order\n    self.drag_and_drop_element(HomePageLocators.sauces_spicy, HomePageLocators.place_of_relocation)\n  File \"C:\\Users\\Acer\\PycharmProjects\\Diplom\\Diplom_3\\.venv\\Lib\\site-packages\\allure_commons\\_allure.py\", line 192, in impl\n    return func(*a, **kw)\n           ^^^^^^^^^^^^^^\n  File \"C:\\Users\\Acer\\PycharmProjects\\Diplom\\Diplom_3\\pages\\base_page.py\", line 51, in drag_and_drop_element\n    actions.drag_and_drop(source_element, target_element).perform()\n  File \"C:\\Users\\Acer\\PycharmProjects\\Diplom\\Diplom_3\\.venv\\Lib\\site-packages\\selenium\\webdriver\\common\\action_chains.py\", line 94, in perform\n    self.w3c_actions.perform()\n  File \"C:\\Users\\Acer\\PycharmProjects\\Diplom\\Diplom_3\\.venv\\Lib\\site-packages\\selenium\\webdriver\\common\\actions\\action_builder.py\", line 96, in perform\n    self.driver.execute(Command.W3C_ACTIONS, enc)\n  File \"C:\\Users\\Acer\\PycharmProjects\\Diplom\\Diplom_3\\.venv\\Lib\\site-packages\\selenium\\webdriver\\remote\\webdriver.py\", line 354, in execute\n    self.error_handler.check_response(response)\n  File \"C:\\Users\\Acer\\PycharmProjects\\Diplom\\Diplom_3\\.venv\\Lib\\site-packages\\selenium\\webdriver\\remote\\errorhandler.py\", line 229, in check_response\n    raise exception_class(message, screen, stacktrace)\n"}, "steps": [{"name": "перетаскивание элемента на заданное место", "status": "broken", "statusDetails": {"message": "selenium.common.exceptions.MoveTargetOutOfBoundsException: Message: Move target (154, 648) is out of bounds of viewport dimensions (1268, 628)\nStacktrace:\nRemoteError@chrome://remote/content/shared/RemoteError.sys.mjs:8:8\nWebDriverError@chrome://remote/content/shared/webdriver/Errors.sys.mjs:193:5\nMoveTargetOutOfBoundsError@chrome://remote/content/shared/webdriver/Errors.sys.mjs:479:5\nassertInViewPort@chrome://remote/content/shared/webdriver/Actions.sys.mjs:2363:11\ndispatch@chrome://remote/content/shared/webdriver/Actions.sys.mjs:1144:21\ndispatch/pendingEvents<@chrome://remote/content/shared/webdriver/Actions.sys.mjs:2019:14\ndispatch@chrome://remote/content/shared/webdriver/Actions.sys.mjs:2018:39\ndispatch/chainEvents<@chrome://remote/content/shared/webdriver/Actions.sys.mjs:1929:27\ndispatch@chrome://remote/content/shared/webdriver/Actions.sys.mjs:1931:7\nperformActions@chrome://remote/content/marionette/actors/MarionetteCommandsChild.sys.mjs:493:23\nreceiveMessage@chrome://remote/content/marionette/actors/MarionetteCommandsChild.sys.mjs:144:31\n\n", "trace": "  File \"C:\\Users\\Acer\\PycharmProjects\\Diplom\\Diplom_3\\.venv\\Lib\\site-packages\\allure_commons\\_allure.py\", line 192, in impl\n    return func(*a, **kw)\n           ^^^^^^^^^^^^^^\n  File \"C:\\Users\\Acer\\PycharmProjects\\Diplom\\Diplom_3\\pages\\base_page.py\", line 51, in drag_and_drop_element\n    actions.drag_and_drop(source_element, target_element).perform()\n  File \"C:\\Users\\Acer\\PycharmProjects\\Diplom\\Diplom_3\\.venv\\Lib\\site-packages\\selenium\\webdriver\\common\\action_chains.py\", line 94, in perform\n    self.w3c_actions.perform()\n  File \"C:\\Users\\Acer\\PycharmProjects\\Diplom\\Diplom_3\\.venv\\Lib\\site-packages\\selenium\\webdriver\\common\\actions\\action_builder.py\", line 96, in perform\n    self.driver.execute(Command.W3C_ACTIONS, enc)\n  File \"C:\\Users\\Acer\\PycharmProjects\\Diplom\\Diplom_3\\.venv\\Lib\\site-packages\\selenium\\webdriver\\remote\\webdriver.py\", line 354, in execute\n    self.error_handler.check_response(response)\n  File \"C:\\Users\\Acer\\PycharmProjects\\Diplom\\Diplom_3\\.venv\\Lib\\site-packages\\selenium\\webdriver\\remote\\errorhandler.py\", line 229, in check_response\n    raise exception_class(message, screen, stacktrace)\n"}, "parameters": [{"name": "source_locator", "value": "('xpath', \"*//a[@class='BurgerIngredient_ingredient__1TVf6 ml-4 mr-4 mb-8' and @href='/ingredient/61c0c5a71d1f82001bdaaa72']\")"}, {"name": "target_locator", "value": "('xpath', \"*//div[@class='constructor-element constructor-element_pos_top']\")"}], "start": 1719937182477, "stop": 1719937182529}], "start": 1719937182477, "stop": 1719937182529}], "parameters": [{"name": "web_driver", "value": "'firefox'"}], "start": 1719937179470, "stop": 1719937182529, "uuid": "d0ccf980-20e2-4a2a-80e1-26f0cedfd33b", "historyId": "68e3fb3a961aaca4d1ffb17071a6d855", "testCaseId": "d40ab9d3920cfdd2d74e3a133a799100", "fullName": "tests.test_home_page.TestHomePage#test_order_in_order_feed", "labels": [{"name": "parentSuite", "value": "tests"}, {"name": "suite", "value": "test_home_page"}, {"name": "subSuite", "value": "TestHomePage"}, {"name": "host", "value": "DESKTOP-JU47483"}, {"name": "thread", "value": "14160-MainThread"}, {"name": "framework", "value": "pytest"}, {"name": "language", "value": "cpython3"}, {"name": "package", "value": "tests.test_home_page"}]}